<?xml version="1.0" encoding="UTF-8"?>
<testsuites name="jest tests" tests="15" failures="1" errors="0" time="10.181">
  <testsuite name="FoundReport-Hook" errors="0" failures="1" skipped="0" timestamp="2024-06-25T06:12:59" time="1.481" tests="3">
    <testcase classname="FoundReport-Hook should fetch the relevant data the first time it is called" name="FoundReport-Hook should fetch the relevant data the first time it is called" time="0.104">
    </testcase>
    <testcase classname="FoundReport-Hook should create a new lost report" name="FoundReport-Hook should create a new lost report" time="0.009">
    </testcase>
    <testcase classname="FoundReport-Hook should edit an existing lost report" name="FoundReport-Hook should edit an existing lost report" time="0.023">
      <failure>Error: expect(received).toMatchObject(expected)

- Expected  - 1
+ Received  + 1

@@ -17,8 +17,8 @@
        &quot;longitude&quot;: 293,
      },
      &quot;id&quot;: &quot;1&quot;,
      &quot;isFinished&quot;: false,
      &quot;myChats&quot;: Array [],
-     &quot;title&quot;: &quot;New Title&quot;,
+     &quot;title&quot;: &quot;Test&quot;,
    },
  ]
    at Object.toMatchObject (/home/lukas/Documents/Entwicklung/Atem/fundbox24-frontend/__tests__/pages/hooks/useFoundReports.test.tsx:122:45)
    at Generator.next (&lt;anonymous&gt;)
    at asyncGeneratorStep (/home/lukas/Documents/Entwicklung/Atem/fundbox24-frontend/node_modules/@babel/runtime/helpers/asyncToGenerator.js:3:24)
    at asyncGeneratorStep (/home/lukas/Documents/Entwicklung/Atem/fundbox24-frontend/node_modules/@babel/runtime/helpers/asyncToGenerator.js:22:9)</failure>
    </testcase>
  </testsuite>
  <testsuite name="LostReportScreen" errors="0" failures="0" skipped="0" timestamp="2024-06-25T06:13:01" time="1.799" tests="1">
    <testcase classname="LostReportScreen renders correctly" name="LostReportScreen renders correctly" time="0.39">
    </testcase>
  </testsuite>
  <testsuite name="App" errors="0" failures="0" skipped="0" timestamp="2024-06-25T06:13:03" time="1.511" tests="1">
    <testcase classname="App should display &quot;Noch keinen Account bei uns?&quot;" name="App should display &quot;Noch keinen Account bei uns?&quot;" time="0.146">
    </testcase>
  </testsuite>
  <testsuite name="LostReport-Hook" errors="0" failures="0" skipped="0" timestamp="2024-06-25T06:13:04" time="0.398" tests="3">
    <testcase classname="LostReport-Hook should fetch the relevant data the first time it is called" name="LostReport-Hook should fetch the relevant data the first time it is called" time="0.033">
    </testcase>
    <testcase classname="LostReport-Hook should create a new lost report" name="LostReport-Hook should create a new lost report" time="0.025">
    </testcase>
    <testcase classname="LostReport-Hook should edit an existing lost report" name="LostReport-Hook should edit an existing lost report" time="0.032">
    </testcase>
  </testsuite>
  <testsuite name="LoginScreen" errors="0" failures="0" skipped="0" timestamp="2024-06-25T06:13:05" time="0.923" tests="1">
    <testcase classname="LoginScreen can login with correct credentials" name="LoginScreen can login with correct credentials" time="0.212">
    </testcase>
  </testsuite>
  <testsuite name="StartScreen" errors="0" failures="0" skipped="0" timestamp="2024-06-25T06:13:06" time="0.906" tests="1">
    <testcase classname="StartScreen renders find text &quot;Du bist nicht angemeldet&quot;" name="StartScreen renders find text &quot;Du bist nicht angemeldet&quot;" time="0.067">
    </testcase>
  </testsuite>
  <testsuite name="RegisterScreen" errors="0" failures="0" skipped="0" timestamp="2024-06-25T06:13:06" time="0.639" tests="2">
    <testcase classname="RegisterScreen should display the input fields" name="RegisterScreen should display the input fields" time="0.291">
    </testcase>
    <testcase classname="RegisterScreen should register a user" name="RegisterScreen should register a user" time="0.018">
    </testcase>
  </testsuite>
  <testsuite name="undefined" errors="0" failures="0" skipped="0" timestamp="2024-06-25T06:13:07" time="0.621" tests="1">
    <testcase classname=" renders correctly with route params" name=" renders correctly with route params" time="0.221">
    </testcase>
  </testsuite>
  <testsuite name="ProfileScreen" errors="0" failures="0" skipped="0" timestamp="2024-06-25T06:13:08" time="0.675" tests="1">
    <testcase classname="ProfileScreen should display &quot;wal@test.de&quot;" name="ProfileScreen should display &quot;wal@test.de&quot;" time="0.325">
    </testcase>
  </testsuite>
  <testsuite name="UserProvider logout function" errors="0" failures="0" skipped="0" timestamp="2024-06-25T06:13:08" time="0.303" tests="1">
    <testcase classname="UserProvider logout function should remove credentials, set isLoggedIn to false, and reset user state" name="UserProvider logout function should remove credentials, set isLoggedIn to false, and reset user state" time="0.041">
    </testcase>
  </testsuite>
</testsuites>