<?xml version="1.0" encoding="UTF-8"?>
<testsuites name="jest tests" tests="55" failures="0" errors="0" time="2.69">
  <testsuite name="LoginScreen" errors="0" failures="0" skipped="0" timestamp="2024-07-13T19:28:08" time="0.966" tests="5">
    <testcase classname="LoginScreen calls login and resets email and password on successful login" name="LoginScreen calls login and resets email and password on successful login" time="0.034">
    </testcase>
    <testcase classname="LoginScreen shows an alert when email or password is empty" name="LoginScreen shows an alert when email or password is empty" time="0.003">
    </testcase>
    <testcase classname="LoginScreen should render email and password input fields" name="LoginScreen should render email and password input fields" time="0.002">
    </testcase>
    <testcase classname="LoginScreen should update email and password state on input change" name="LoginScreen should update email and password state on input change" time="0.005">
    </testcase>
    <testcase classname="LoginScreen should navigate to the register screen when the register button is pressed" name="LoginScreen should navigate to the register screen when the register button is pressed" time="0.002">
    </testcase>
  </testsuite>
  <testsuite name="FoundReportScreen" errors="0" failures="0" skipped="0" timestamp="2024-07-13T19:28:09" time="0.211" tests="6">
    <testcase classname="FoundReportScreen should render the dropdowns" name="FoundReportScreen should render the dropdowns" time="0.063">
    </testcase>
    <testcase classname="FoundReportScreen should execute the sort dropdown onChange callback" name="FoundReportScreen should execute the sort dropdown onChange callback" time="0.016">
    </testcase>
    <testcase classname="FoundReportScreen should execute the filter dropdown onChange callback" name="FoundReportScreen should execute the filter dropdown onChange callback" time="0.006">
    </testcase>
    <testcase classname="FoundReportScreen should render the SearchBar component" name="FoundReportScreen should render the SearchBar component" time="0.003">
    </testcase>
    <testcase classname="FoundReportScreen should execute SearchBar onChangeText callback" name="FoundReportScreen should execute SearchBar onChangeText callback" time="0.005">
    </testcase>
    <testcase classname="FoundReportScreen should execute the onPress callback function" name="FoundReportScreen should execute the onPress callback function" time="0.021">
    </testcase>
  </testsuite>
  <testsuite name="StartScreen" errors="0" failures="0" skipped="0" timestamp="2024-07-13T19:28:09" time="0.213" tests="3">
    <testcase classname="StartScreen should render &quot;Du bist nicht angemeldet&quot; because there is no userToken" name="StartScreen should render &quot;Du bist nicht angemeldet&quot; because there is no userToken" time="0.004">
    </testcase>
    <testcase classname="StartScreen should render `Willkommen, ${user?.username}`, which is only displayed if user is logged in" name="StartScreen should render `Willkommen, ${user?.username}`, which is only displayed if user is logged in" time="0.025">
    </testcase>
    <testcase classname="StartScreen should trigger refresh on focus" name="StartScreen should trigger refresh on focus" time="0.004">
    </testcase>
  </testsuite>
  <testsuite name="LostReportScreen" errors="0" failures="0" skipped="0" timestamp="2024-07-13T19:28:09" time="0.106" tests="7">
    <testcase classname="LostReportScreen renders correctly" name="LostReportScreen renders correctly" time="0.028">
    </testcase>
    <testcase classname="LostReportScreen should render the dropdowns" name="LostReportScreen should render the dropdowns" time="0.004">
    </testcase>
    <testcase classname="LostReportScreen should execute the sort dropdown onChange callback" name="LostReportScreen should execute the sort dropdown onChange callback" time="0.007">
    </testcase>
    <testcase classname="LostReportScreen should execute the filter dropdown onChange callback" name="LostReportScreen should execute the filter dropdown onChange callback" time="0.007">
    </testcase>
    <testcase classname="LostReportScreen should render the SearchBar component" name="LostReportScreen should render the SearchBar component" time="0.003">
    </testcase>
    <testcase classname="LostReportScreen should execute SearchBar onChangeText callback" name="LostReportScreen should execute SearchBar onChangeText callback" time="0.006">
    </testcase>
    <testcase classname="LostReportScreen should execute the onPress callback function" name="LostReportScreen should execute the onPress callback function" time="0.012">
    </testcase>
  </testsuite>
  <testsuite name="AddReportScreen lost" errors="0" failures="0" skipped="0" timestamp="2024-07-13T19:28:09" time="0.112" tests="1">
    <testcase classname="AddReportScreen lost should add a lost report correctly" name="AddReportScreen lost should add a lost report correctly" time="0.06">
    </testcase>
  </testsuite>
  <testsuite name="FoundReportScreen" errors="0" failures="0" skipped="0" timestamp="2024-07-13T19:28:09" time="0.1" tests="2">
    <testcase classname="FoundReportScreen should render properly" name="FoundReportScreen should render properly" time="0.033">
    </testcase>
    <testcase classname="FoundReportScreen should call navigateToChat when chat-buttons clicked" name="FoundReportScreen should call navigateToChat when chat-buttons clicked" time="0.005">
    </testcase>
  </testsuite>
  <testsuite name="RegisterScreen" errors="0" failures="0" skipped="0" timestamp="2024-07-13T19:28:10" time="0.081" tests="5">
    <testcase classname="RegisterScreen should display the input fields" name="RegisterScreen should display the input fields" time="0.027">
    </testcase>
    <testcase classname="RegisterScreen should listen to changes in input fields" name="RegisterScreen should listen to changes in input fields" time="0.004">
    </testcase>
    <testcase classname="RegisterScreen should register a user" name="RegisterScreen should register a user" time="0.001">
    </testcase>
    <testcase classname="RegisterScreen should display error messages if the passwords do not match or the fetch failed" name="RegisterScreen should display error messages if the passwords do not match or the fetch failed" time="0.014">
    </testcase>
    <testcase classname="RegisterScreen navigates back when the back button is pressed" name="RegisterScreen navigates back when the back button is pressed" time="0.003">
    </testcase>
  </testsuite>
  <testsuite name="AddReportScreen found" errors="0" failures="0" skipped="0" timestamp="2024-07-13T19:28:10" time="0.077" tests="1">
    <testcase classname="AddReportScreen found should add a found report correctly" name="AddReportScreen found should add a found report correctly" time="0.041">
    </testcase>
  </testsuite>
  <testsuite name="ProfileScreen" errors="0" failures="0" skipped="0" timestamp="2024-07-13T19:28:10" time="0.166" tests="5">
    <testcase classname="ProfileScreen should toggle sound switch" name="ProfileScreen should toggle sound switch" time="0.029">
    </testcase>
    <testcase classname="ProfileScreen should toggle vibration switch" name="ProfileScreen should toggle vibration switch" time="0.004">
    </testcase>
    <testcase classname="ProfileScreen should toggle location switch" name="ProfileScreen should toggle location switch" time="0.003">
    </testcase>
    <testcase classname="ProfileScreen should handle logout" name="ProfileScreen should handle logout" time="0.003">
    </testcase>
    <testcase classname="ProfileScreen should render icon buttons" name="ProfileScreen should render icon buttons" time="0.003">
    </testcase>
  </testsuite>
  <testsuite name="SingleLostReportScreen" errors="0" failures="0" skipped="0" timestamp="2024-07-13T19:28:10" time="0.069" tests="2">
    <testcase classname="SingleLostReportScreen renders correctly with route params" name="SingleLostReportScreen renders correctly with route params" time="0.02">
    </testcase>
    <testcase classname="SingleLostReportScreen should call navigateToChat when chat-buttons clicked" name="SingleLostReportScreen should call navigateToChat when chat-buttons clicked" time="0.008">
    </testcase>
  </testsuite>
  <testsuite name="App" errors="0" failures="0" skipped="0" timestamp="2024-07-13T19:28:10" time="0.051" tests="2">
    <testcase classname="App renders correctly and contains the Tabbar component" name="App renders correctly and contains the Tabbar component" time="0.023">
    </testcase>
    <testcase classname="App should ignore specific logs" name="App should ignore specific logs" time="0.003">
    </testcase>
  </testsuite>
  <testsuite name="UserProvider logout function" errors="0" failures="0" skipped="0" timestamp="2024-07-13T19:28:10" time="0.026" tests="1">
    <testcase classname="UserProvider logout function should remove credentials, set isLoggedIn to false, and reset user state" name="UserProvider logout function should remove credentials, set isLoggedIn to false, and reset user state" time="0.002">
    </testcase>
  </testsuite>
  <testsuite name="LostReport-Hook" errors="0" failures="0" skipped="0" timestamp="2024-07-13T19:28:10" time="0.034" tests="5">
    <testcase classname="LostReport-Hook should fetch the relevant data the first time it is called" name="LostReport-Hook should fetch the relevant data the first time it is called" time="0.002">
    </testcase>
    <testcase classname="LostReport-Hook should create a new lost report and refresh lost reports" name="LostReport-Hook should create a new lost report and refresh lost reports" time="0.004">
    </testcase>
    <testcase classname="LostReport-Hook should edit an existing lost report" name="LostReport-Hook should edit an existing lost report" time="0.001">
    </testcase>
    <testcase classname="LostReport-Hook should handle error when creating a new lost report" name="LostReport-Hook should handle error when creating a new lost report" time="0.002">
    </testcase>
    <testcase classname="LostReport-Hook should handle error when editing an existing lost report" name="LostReport-Hook should handle error when editing an existing lost report" time="0.001">
    </testcase>
  </testsuite>
  <testsuite name="FoundReport-Hook" errors="0" failures="0" skipped="0" timestamp="2024-07-13T19:28:10" time="0.03" tests="5">
    <testcase classname="FoundReport-Hook should fetch the relevant data the first time it is called" name="FoundReport-Hook should fetch the relevant data the first time it is called" time="0.002">
    </testcase>
    <testcase classname="FoundReport-Hook should create a new found report and refresh found reports" name="FoundReport-Hook should create a new found report and refresh found reports" time="0.002">
    </testcase>
    <testcase classname="FoundReport-Hook should handle error when creating a new found report" name="FoundReport-Hook should handle error when creating a new found report" time="0.001">
    </testcase>
    <testcase classname="FoundReport-Hook should edit an existing found report" name="FoundReport-Hook should edit an existing found report" time="0.001">
    </testcase>
    <testcase classname="FoundReport-Hook should handle error when editing an existing found report" name="FoundReport-Hook should handle error when editing an existing found report" time="0.001">
    </testcase>
  </testsuite>
  <testsuite name="Chat-Hook" errors="0" failures="0" skipped="0" timestamp="2024-07-13T19:28:10" time="0.03" tests="5">
    <testcase classname="Chat-Hook should initialize with an empty chat list" name="Chat-Hook should initialize with an empty chat list" time="0.004">
    </testcase>
    <testcase classname="Chat-Hook should handle creating a new chat" name="Chat-Hook should handle creating a new chat" time="0.001">
    </testcase>
    <testcase classname="Chat-Hook should handle adding a message to a chat" name="Chat-Hook should handle adding a message to a chat" time="0.001">
    </testcase>
    <testcase classname="Chat-Hook should handle removing a chat" name="Chat-Hook should handle removing a chat" time="0.001">
    </testcase>
    <testcase classname="Chat-Hook should handle error state correctly" name="Chat-Hook should handle error state correctly" time="0.001">
    </testcase>
  </testsuite>
</testsuites>