<?xml version="1.0" encoding="UTF-8"?>
<testsuites name="jest tests" tests="36" failures="0" errors="0" time="2.506">
  <testsuite name="RegisterScreen" errors="0" failures="0" skipped="0" timestamp="2024-07-02T09:04:42" time="0.614" tests="4">
    <testcase classname="RegisterScreen should display the input fields" name="RegisterScreen should display the input fields" time="0.278">
    </testcase>
    <testcase classname="RegisterScreen should listen to changes in input fields" name="RegisterScreen should listen to changes in input fields" time="0.026">
    </testcase>
    <testcase classname="RegisterScreen should register a user" name="RegisterScreen should register a user" time="0.003">
    </testcase>
    <testcase classname="RegisterScreen should display error messages if the passwords do not match or the fetch failed" name="RegisterScreen should display error messages if the passwords do not match or the fetch failed" time="0.033">
    </testcase>
  </testsuite>
  <testsuite name="StartScreen" errors="0" failures="0" skipped="0" timestamp="2024-07-02T09:04:42" time="0.264" tests="3">
    <testcase classname="StartScreen should render &quot;Du bist nicht angemeldet&quot; because there is no userToken" name="StartScreen should render &quot;Du bist nicht angemeldet&quot; because there is no userToken" time="0.003">
    </testcase>
    <testcase classname="StartScreen should render `Willkommen, ${user?.username}`, which is only displayed if user is logged in" name="StartScreen should render `Willkommen, ${user?.username}`, which is only displayed if user is logged in" time="0.034">
    </testcase>
    <testcase classname="StartScreen should trigger refresh on focus" name="StartScreen should trigger refresh on focus" time="0.004">
    </testcase>
  </testsuite>
  <testsuite name="LoginScreen" errors="0" failures="0" skipped="0" timestamp="2024-07-02T09:04:43" time="0.239" tests="3">
    <testcase classname="LoginScreen can login with correct credentials" name="LoginScreen can login with correct credentials" time="0.025">
    </testcase>
    <testcase classname="LoginScreen should render email and password input fields" name="LoginScreen should render email and password input fields" time="0.003">
    </testcase>
    <testcase classname="LoginScreen should update email and password state on input change" name="LoginScreen should update email and password state on input change" time="0.004">
    </testcase>
  </testsuite>
  <testsuite name="FoundReportScreen" errors="0" failures="0" skipped="0" timestamp="2024-07-02T09:04:43" time="0.116" tests="2">
    <testcase classname="FoundReportScreen should render properly" name="FoundReportScreen should render properly" time="0.041">
    </testcase>
    <testcase classname="FoundReportScreen should call navigateToChat when chat-buttons clicked" name="FoundReportScreen should call navigateToChat when chat-buttons clicked" time="0.007">
    </testcase>
  </testsuite>
  <testsuite name="LostReportScreen" errors="0" failures="0" skipped="0" timestamp="2024-07-02T09:04:43" time="0.114" tests="3">
    <testcase classname="LostReportScreen renders correctly" name="LostReportScreen renders correctly" time="0.034">
    </testcase>
    <testcase classname="LostReportScreen should renders single LostReportCards" name="LostReportScreen should renders single LostReportCards" time="0.005">
    </testcase>
    <testcase classname="LostReportScreen should execute the onPress callback function" name="LostReportScreen should execute the onPress callback function" time="0.002">
    </testcase>
  </testsuite>
  <testsuite name="ProfileScreen" errors="0" failures="0" skipped="0" timestamp="2024-07-02T09:04:43" time="0.072" tests="3">
    <testcase classname="ProfileScreen should display &quot;wal@test.de&quot;" name="ProfileScreen should display &quot;wal@test.de&quot;" time="0.027">
    </testcase>
    <testcase classname="ProfileScreen should change values of the switches" name="ProfileScreen should change values of the switches" time="0.01">
    </testcase>
    <testcase classname="ProfileScreen should logout" name="ProfileScreen should logout" time="0.003">
    </testcase>
  </testsuite>
  <testsuite name="AddReportScreen lost" errors="0" failures="0" skipped="0" timestamp="2024-07-02T09:04:43" time="0.076" tests="1">
    <testcase classname="AddReportScreen lost should add a lost report correctly" name="AddReportScreen lost should add a lost report correctly" time="0.035">
    </testcase>
  </testsuite>
  <testsuite name="FoundReportScreen" errors="0" failures="0" skipped="0" timestamp="2024-07-02T09:04:43" time="0.073" tests="2">
    <testcase classname="FoundReportScreen should renders single FoundReportCards" name="FoundReportScreen should renders single FoundReportCards" time="0.033">
    </testcase>
    <testcase classname="FoundReportScreen should execute the onPress callback function" name="FoundReportScreen should execute the onPress callback function" time="0.001">
    </testcase>
  </testsuite>
  <testsuite name="undefined" errors="0" failures="0" skipped="0" timestamp="2024-07-02T09:04:43" time="0.078" tests="2">
    <testcase classname=" renders correctly with route params" name=" renders correctly with route params" time="0.022">
    </testcase>
    <testcase classname="SingleLostReportScreen should call navigateToChat when chat-buttons clicked" name="SingleLostReportScreen should call navigateToChat when chat-buttons clicked" time="0.011">
    </testcase>
  </testsuite>
  <testsuite name="AddReportScreen found" errors="0" failures="0" skipped="0" timestamp="2024-07-02T09:04:43" time="0.08" tests="1">
    <testcase classname="AddReportScreen found should add a found report correctly" name="AddReportScreen found should add a found report correctly" time="0.034">
    </testcase>
  </testsuite>
  <testsuite name="LostReport-Hook" errors="0" failures="0" skipped="0" timestamp="2024-07-02T09:04:44" time="0.256" tests="5">
    <testcase classname="LostReport-Hook should fetch the relevant data the first time it is called" name="LostReport-Hook should fetch the relevant data the first time it is called" time="0.003">
    </testcase>
    <testcase classname="LostReport-Hook should create a new lost report and refresh lost reports" name="LostReport-Hook should create a new lost report and refresh lost reports" time="0.002">
    </testcase>
    <testcase classname="LostReport-Hook should edit an existing lost report" name="LostReport-Hook should edit an existing lost report" time="0.001">
    </testcase>
    <testcase classname="LostReport-Hook should handle error when creating a new lost report" name="LostReport-Hook should handle error when creating a new lost report" time="0.001">
    </testcase>
    <testcase classname="LostReport-Hook should handle error when editing an existing lost report" name="LostReport-Hook should handle error when editing an existing lost report" time="0.001">
    </testcase>
  </testsuite>
  <testsuite name="FoundReport-Hook" errors="0" failures="0" skipped="0" timestamp="2024-07-02T09:04:44" time="0.034" tests="5">
    <testcase classname="FoundReport-Hook should fetch the relevant data the first time it is called" name="FoundReport-Hook should fetch the relevant data the first time it is called" time="0.003">
    </testcase>
    <testcase classname="FoundReport-Hook should create a new found report and refresh found reports" name="FoundReport-Hook should create a new found report and refresh found reports" time="0.001">
    </testcase>
    <testcase classname="FoundReport-Hook should handle error when creating a new found report" name="FoundReport-Hook should handle error when creating a new found report" time="0.001">
    </testcase>
    <testcase classname="FoundReport-Hook should edit an existing found report" name="FoundReport-Hook should edit an existing found report" time="0.001">
    </testcase>
    <testcase classname="FoundReport-Hook should handle error when editing an existing found report" name="FoundReport-Hook should handle error when editing an existing found report" time="0">
    </testcase>
  </testsuite>
  <testsuite name="UserProvider logout function" errors="0" failures="0" skipped="0" timestamp="2024-07-02T09:04:44" time="0.027" tests="1">
    <testcase classname="UserProvider logout function should remove credentials, set isLoggedIn to false, and reset user state" name="UserProvider logout function should remove credentials, set isLoggedIn to false, and reset user state" time="0.002">
    </testcase>
  </testsuite>
  <testsuite name="Chat-Hook" errors="0" failures="0" skipped="0" timestamp="2024-07-02T09:04:44" time="0.025" tests="1">
    <testcase classname="Chat-Hook should return the necessary stuff" name="Chat-Hook should return the necessary stuff" time="0.001">
    </testcase>
  </testsuite>
</testsuites>