<?xml version="1.0" encoding="UTF-8"?>
<testsuites name="jest tests" tests="12" failures="1" errors="0" time="9.262">
  <testsuite name="LostReportScreen" errors="0" failures="0" skipped="0" timestamp="2024-06-24T14:36:46" time="2.035" tests="1">
    <testcase classname="LostReportScreen renders correctly" name="LostReportScreen renders correctly" time="0.411">
    </testcase>
  </testsuite>
  <testsuite name="LostReport-Hook" errors="0" failures="1" skipped="0" timestamp="2024-06-24T14:36:48" time="1.01" tests="3">
    <testcase classname="LostReport-Hook should fetch the relevant data the first time it is called" name="LostReport-Hook should fetch the relevant data the first time it is called" time="0.034">
    </testcase>
    <testcase classname="LostReport-Hook should create a new lost report" name="LostReport-Hook should create a new lost report" time="0.01">
    </testcase>
    <testcase classname="LostReport-Hook should edit an existing lost report" name="LostReport-Hook should edit an existing lost report" time="0.021">
      <failure>Error: expect(received).toMatchObject(expected)

- Expected  - 1
+ Received  + 1

@@ -19,8 +19,8 @@
      },
      &quot;lostRadius&quot;: 20,
      &quot;myChats&quot;: Array [],
      &quot;placeOfDelivery&quot;: &quot;kndsf&quot;,
      &quot;placeOfDiscovery&quot;: &quot;Man langsam nervts&quot;,
-     &quot;title&quot;: &quot;New Title&quot;,
+     &quot;title&quot;: &quot;Test&quot;,
    },
  ]
    at Object.toMatchObject (/home/lukas/Documents/Entwicklung/Atem/fundbox24-frontend/__tests__/pages/hooks/useLostReports.test.tsx:124:44)
    at Generator.next (&lt;anonymous&gt;)
    at asyncGeneratorStep (/home/lukas/Documents/Entwicklung/Atem/fundbox24-frontend/node_modules/@babel/runtime/helpers/asyncToGenerator.js:3:24)
    at asyncGeneratorStep (/home/lukas/Documents/Entwicklung/Atem/fundbox24-frontend/node_modules/@babel/runtime/helpers/asyncToGenerator.js:22:9)</failure>
    </testcase>
  </testsuite>
  <testsuite name="App" errors="0" failures="0" skipped="0" timestamp="2024-06-24T14:36:49" time="1.355" tests="1">
    <testcase classname="App should display &quot;Noch keinen Account bei uns?&quot;" name="App should display &quot;Noch keinen Account bei uns?&quot;" time="0.111">
    </testcase>
  </testsuite>
  <testsuite name="StartScreen" errors="0" failures="0" skipped="0" timestamp="2024-06-24T14:36:51" time="0.791" tests="1">
    <testcase classname="StartScreen renders find text &quot;Du bist nicht angemeldet&quot;" name="StartScreen renders find text &quot;Du bist nicht angemeldet&quot;" time="0.055">
    </testcase>
  </testsuite>
  <testsuite name="LoginScreen" errors="0" failures="0" skipped="0" timestamp="2024-06-24T14:36:52" time="0.789" tests="1">
    <testcase classname="LoginScreen can login with correct credentials" name="LoginScreen can login with correct credentials" time="0.203">
    </testcase>
  </testsuite>
  <testsuite name="RegisterScreen" errors="0" failures="0" skipped="0" timestamp="2024-06-24T14:36:52" time="0.697" tests="2">
    <testcase classname="RegisterScreen should display the input fields" name="RegisterScreen should display the input fields" time="0.308">
    </testcase>
    <testcase classname="RegisterScreen should register a user" name="RegisterScreen should register a user" time="0.014">
    </testcase>
  </testsuite>
  <testsuite name="ProfileScreen" errors="0" failures="0" skipped="0" timestamp="2024-06-24T14:36:53" time="0.622" tests="1">
    <testcase classname="ProfileScreen should display &quot;wal@test.de&quot;" name="ProfileScreen should display &quot;wal@test.de&quot;" time="0.306">
    </testcase>
  </testsuite>
  <testsuite name="undefined" errors="0" failures="0" skipped="0" timestamp="2024-06-24T14:36:54" time="0.638" tests="1">
    <testcase classname=" renders correctly with route params" name=" renders correctly with route params" time="0.229">
    </testcase>
  </testsuite>
  <testsuite name="UserProvider logout function" errors="0" failures="0" skipped="0" timestamp="2024-06-24T14:36:54" time="0.349" tests="1">
    <testcase classname="UserProvider logout function should remove credentials, set isLoggedIn to false, and reset user state" name="UserProvider logout function should remove credentials, set isLoggedIn to false, and reset user state" time="0.048">
    </testcase>
  </testsuite>
</testsuites>